2024-07-22 01:44:48 - Memulai instalasi Kubernetes...
2024-07-22 01:44:48 - Memperbarui sistem...
2024-07-22 01:44:57 - ERROR: Gagal memperbarui sistem
2024-07-22 01:46:10 - Memulai instalasi Kubernetes...
2024-07-22 01:46:10 - Memperbarui sistem...
2024-07-22 01:50:56 - Menginstal prasyarat...
2024-07-22 01:50:57 - Menambahkan GPG key Docker...
2024-07-22 01:50:58 - Menambahkan repositori Docker...
2024-07-22 01:50:58 - Memperbarui repositori...
2024-07-22 01:51:02 - ERROR: Gagal memperbarui repositori
2024-07-22 01:52:05 - Memulai instalasi Kubernetes...
2024-07-22 01:52:05 - Memperbarui sistem...
2024-07-22 01:52:09 - ERROR: Gagal memperbarui sistem
2024-07-22 01:53:03 - Memulai instalasi Kubernetes...
2024-07-22 01:53:03 - Memperbarui sistem...
2024-07-22 01:53:07 - ERROR: Gagal memperbarui sistem
2024-07-22 01:57:18 - Memulai instalasi Kubernetes...
2024-07-22 01:57:18 - Memperbarui sistem...
2024-07-22 01:57:24 - Menginstal prasyarat...
2024-07-22 01:57:25 - Menghapus konfigurasi repositori Docker yang salah...
2024-07-22 01:57:25 - Menambahkan GPG key Docker...
2024-07-22 01:57:26 - Menambahkan repositori Docker yang benar...
2024-07-22 01:57:26 - Memperbarui repositori...
2024-07-22 01:57:30 - ERROR: Gagal memperbarui repositori
